<?xml version="1.0" encoding="UTF-8"?>
<!-- Generated by org.testng.reporters.JUnitXMLReporter -->
<testsuite ignored="2" hostname="Jagadeesh" failures="0" tests="2" name="LoginTest" time="115.467" errors="0" timestamp="2025-09-15T18:11:27 IST">
  <testcase classname="com.qa.tests.LoginTests" name="testinvalidOtpLogin" time="28.564"/>
  <testcase classname="com.qa.tests.LoginTests" name="testSuccessfulOtpLogin" time="64.254"/>
  <testcase classname="com.qa.BaseTest" name="@AfterTest afterTest" time="0.0">
    <ignored/>
  </testcase> <!-- @AfterTest afterTest -->
  <testcase classname="com.qa.BaseTest" name="@BeforeTest beforeTest" time="0.0">
    <ignored/>
  </testcase> <!-- @BeforeTest beforeTest -->
</testsuite> <!-- LoginTest -->
