<?xml version="1.0" encoding="UTF-8"?>
<!-- Generated by org.testng.reporters.JUnitXMLReporter -->
<testsuite ignored="5" hostname="Jagadeesh" failures="0" tests="21" name="LoginTests" time="1.317" errors="0" timestamp="2025-03-25T12:55:36 IST">
  <testcase classname="com.qa.BaseTest" name="@BeforeTest beforeTest" time="1.199">
    <failure type="org.openqa.selenium.SessionNotCreatedException" message="Could not start a new session. Response code 400. Message: &amp;apos;automationName&amp;apos; can&amp;apos;t be blank 
Host info: host: &amp;apos;JAGADEESH&amp;apos;, ip: &amp;apos;172.20.10.3&amp;apos;
Build info: version: &amp;apos;4.13.0&amp;apos;, revision: &amp;apos;ba948ece5b*&amp;apos;
System info: os.name: &amp;apos;Windows 11&amp;apos;, os.arch: &amp;apos;amd64&amp;apos;, os.version: &amp;apos;10.0&amp;apos;, java.version: &amp;apos;17.0.6&amp;apos;
Driver info: io.appium.java_client.AppiumDriver
Command: [null, newSession {capabilities=[{appium:androidAutomationName=UiAutomator2, appium:appActivity=app.daalchini.com.SplashActivity, appium:appPackage=app.daalchini.com, appium:autoGrantPermissions=true, appium:deviceName=adb-LFV475TGLB85BMV4-u4jrJG._adb-tls-connect._tcp, appium:locationContextEnabled=true, appium:platformName=Android, appium:platformVersion=13.0}], desiredCapabilities=Capabilities {appium:androidAutomationName: UiAutomator2, appium:appActivity: app.daalchini.com.SplashAct..., appium:appPackage: app.daalchini.com, appium:autoGrantPermissions: true, appium:deviceName: adb-LFV475TGLB85BMV4-u4jrJG..., appium:locationContextEnabled: true, appium:platformName: Android, appium:platformVersion: 13.0}}]
Capabilities {appium:androidAutomationName: UiAutomator2, appium:appActivity: app.daalchini.com.SplashAct..., appium:appPackage: app.daalchini.com, appium:autoGrantPermissions: true, appium:deviceName: adb-LFV475TGLB85BMV4-u4jrJG..., appium:locationContextEnabled: true, appium:platformName: Android, appium:platformVersion: 13.0}">
      <![CDATA[org.openqa.selenium.SessionNotCreatedException: Could not start a new session. Response code 400. Message: 'automationName' can't be blank 
Host info: host: 'JAGADEESH', ip: '172.20.10.3'
Build info: version: '4.13.0', revision: 'ba948ece5b*'
System info: os.name: 'Windows 11', os.arch: 'amd64', os.version: '10.0', java.version: '17.0.6'
Driver info: io.appium.java_client.AppiumDriver
Command: [null, newSession {capabilities=[{appium:androidAutomationName=UiAutomator2, appium:appActivity=app.daalchini.com.SplashActivity, appium:appPackage=app.daalchini.com, appium:autoGrantPermissions=true, appium:deviceName=adb-LFV475TGLB85BMV4-u4jrJG._adb-tls-connect._tcp, appium:locationContextEnabled=true, appium:platformName=Android, appium:platformVersion=13.0}], desiredCapabilities=Capabilities {appium:androidAutomationName: UiAutomator2, appium:appActivity: app.daalchini.com.SplashAct..., appium:appPackage: app.daalchini.com, appium:autoGrantPermissions: true, appium:deviceName: adb-LFV475TGLB85BMV4-u4jrJG..., appium:locationContextEnabled: true, appium:platformName: Android, appium:platformVersion: 13.0}}]
Capabilities {appium:androidAutomationName: UiAutomator2, appium:appActivity: app.daalchini.com.SplashAct..., appium:appPackage: app.daalchini.com, appium:autoGrantPermissions: true, appium:deviceName: adb-LFV475TGLB85BMV4-u4jrJG..., appium:locationContextEnabled: true, appium:platformName: Android, appium:platformVersion: 13.0}
at org.openqa.selenium.remote.ProtocolHandshake.createSession(ProtocolHandshake.java:140)
at io.appium.java_client.remote.AppiumProtocolHandshake.createSession(AppiumProtocolHandshake.java:133)
at io.appium.java_client.remote.AppiumProtocolHandshake.createSession(AppiumProtocolHandshake.java:102)
at io.appium.java_client.remote.AppiumCommandExecutor.createSession(AppiumCommandExecutor.java:182)
at io.appium.java_client.remote.AppiumCommandExecutor.execute(AppiumCommandExecutor.java:250)
at org.openqa.selenium.remote.RemoteWebDriver.execute(RemoteWebDriver.java:602)
at io.appium.java_client.AppiumDriver.startSession(AppiumDriver.java:274)
at org.openqa.selenium.remote.RemoteWebDriver.<init>(RemoteWebDriver.java:163)
at io.appium.java_client.AppiumDriver.<init>(AppiumDriver.java:89)
at io.appium.java_client.AppiumDriver.<init>(AppiumDriver.java:101)
at com.qa.BaseTest.beforeTest(BaseTest.java:120)
... Removed 28 stack frames]]>
    </failure>
  </testcase> <!-- @BeforeTest beforeTest -->
  <testcase classname="com.qa.tests.LoginTests" name="@BeforeClass setUp" time="-1.742887536489E9">
    <skipped/>
  </testcase> <!-- @BeforeClass setUp -->
  <testcase classname="com.qa.tests.LoginTests" name="@BeforeMethod beforeMethod" time="-1.742887536498E9">
    <skipped/>
  </testcase> <!-- @BeforeMethod beforeMethod -->
  <testcase classname="com.qa.tests.LoginTests" name="@AfterMethod afterMethod" time="-1.742887536505E9">
    <skipped/>
  </testcase> <!-- @AfterMethod afterMethod -->
  <testcase classname="com.qa.tests.LoginTests" name="@AfterClass tearDown" time="-1.742887536516E9">
    <skipped/>
  </testcase> <!-- @AfterClass tearDown -->
  <testcase classname="com.qa.tests.InventoryTests" name="@BeforeClass setUp" time="-1.742887536517E9">
    <skipped/>
  </testcase> <!-- @BeforeClass setUp -->
  <testcase classname="com.qa.tests.InventoryTests" name="@AfterClass tearDown" time="-1.742887536566E9">
    <skipped/>
  </testcase> <!-- @AfterClass tearDown -->
  <testcase classname="com.qa.BaseTest" name="@AfterTest afterTest" time="-1.742887536567E9">
    <skipped/>
  </testcase> <!-- @AfterTest afterTest -->
  <testcase classname="com.qa.tests.LoginTests" name="testinvalidOtpLogin" time="0.0">
    <skipped/>
  </testcase> <!-- testinvalidOtpLogin -->
  <testcase classname="com.qa.tests.LoginTests" name="testSuccessfulOtpLogin" time="0.0">
    <skipped/>
  </testcase> <!-- testSuccessfulOtpLogin -->
  <testcase classname="com.qa.tests.InventoryTests" name="TestProductSearch" time="0.001">
    <skipped/>
  </testcase> <!-- TestProductSearch -->
  <testcase classname="com.qa.tests.InventoryTests" name="TestAddItemToCart" time="0.0">
    <skipped/>
  </testcase> <!-- TestAddItemToCart -->
  <testcase classname="com.qa.tests.InventoryTests" name="TestApplyInvalidCoupon" time="0.0">
    <skipped/>
  </testcase> <!-- TestApplyInvalidCoupon -->
  <testcase classname="com.qa.tests.InventoryTests" name="TestClearCart" time="0.0">
    <skipped/>
  </testcase> <!-- TestClearCart -->
  <testcase classname="com.qa.tests.InventoryTests" name="TestApplyValidCoupon" time="0.0">
    <skipped/>
  </testcase> <!-- TestApplyValidCoupon -->
  <testcase classname="com.qa.tests.InventoryTests" name="TestCategorySelection" time="0.0">
    <skipped/>
  </testcase> <!-- TestCategorySelection -->
  <testcase classname="com.qa.tests.InventoryTests" name="SuccessfulPaymentsWithDp" time="0.0">
    <skipped/>
  </testcase> <!-- SuccessfulPaymentsWithDp -->
  <testcase classname="com.qa.tests.InventoryTests" name="TestVmSelection" time="0.0">
    <skipped/>
  </testcase> <!-- TestVmSelection -->
  <testcase classname="com.qa.tests.InventoryTests" name="TestGridview" time="0.0">
    <skipped/>
  </testcase> <!-- TestGridview -->
  <testcase classname="com.qa.tests.InventoryTests" name="TestSortingTopToBottom" time="0.0">
    <skipped/>
  </testcase> <!-- TestSortingTopToBottom -->
  <testcase classname="com.qa.tests.InventoryTests" name="TestBottomToTopFilter" time="0.0">
    <skipped/>
  </testcase> <!-- TestBottomToTopFilter -->
  <testcase classname="com.qa.tests.InventoryTests" name="TestSortingHighToLow" time="0.0">
    <skipped/>
  </testcase> <!-- TestSortingHighToLow -->
  <testcase classname="com.qa.tests.InventoryTests" name="TestSortingLowToHigh" time="0.0">
    <skipped/>
  </testcase> <!-- TestSortingLowToHigh -->
  <testcase classname="com.qa.tests.InventoryTests" name="TestUserNameUpdate" time="0.0">
    <skipped/>
  </testcase> <!-- TestUserNameUpdate -->
  <testcase classname="com.qa.tests.InventoryTests" name="TestUserEmailUpdate" time="0.0">
    <skipped/>
  </testcase> <!-- TestUserEmailUpdate -->
  <testcase classname="com.qa.tests.InventoryTests" name="TestGenderSelection" time="0.0">
    <skipped/>
  </testcase> <!-- TestGenderSelection -->
  <testcase classname="com.qa.tests.InventoryTests" name="TestDefaultPg" time="0.0">
    <skipped/>
  </testcase> <!-- TestDefaultPg -->
  <testcase classname="com.qa.tests.InventoryTests" name="TestDpBalanceFetching" time="0.0">
    <skipped/>
  </testcase> <!-- TestDpBalanceFetching -->
  <testcase classname="com.qa.tests.InventoryTests" name="TestBpBalanceFetching" time="0.0">
    <skipped/>
  </testcase> <!-- TestBpBalanceFetching -->
  <testcase classname="com.qa.BaseTest" name="@AfterTest afterTest" time="0.0">
    <ignored/>
  </testcase> <!-- @AfterTest afterTest -->
  <testcase classname="com.qa.tests.LoginTests" name="invalidUserName" time="0.0">
    <ignored/>
  </testcase> <!-- invalidUserName -->
  <testcase classname="com.qa.BaseTest" name="@BeforeTest beforeTest" time="0.0">
    <ignored/>
  </testcase> <!-- @BeforeTest beforeTest -->
  <testcase classname="com.qa.tests.LoginTests" name="invalidPassword" time="0.0">
    <ignored/>
  </testcase> <!-- invalidPassword -->
  <testcase classname="com.qa.tests.LoginTests" name="successfulLogin" time="0.0">
    <ignored/>
  </testcase> <!-- successfulLogin -->
</testsuite> <!-- LoginTests -->
