<?xml version="1.0" encoding="UTF-8"?>
<!-- Generated by org.testng.reporters.JUnitXMLReporter -->
<testsuite ignored="0" hostname="Jagadeesh" failures="0" tests="3" name="OtpLoginTests" time="21.384" errors="0" timestamp="2024-07-09T18:00:38 IST">
  <testcase classname="com.qa.tests.LoginTests" name="@BeforeMethod beforeMethod" time="0.141">
    <failure type="java.lang.ExceptionInInitializerError">
      <![CDATA[java.lang.ExceptionInInitializerError
at io.appium.java_client.pagefactory.utils.ProxyFactory.getEnhancedProxy(ProxyFactory.java:53)
at io.appium.java_client.pagefactory.utils.ProxyFactory.getEnhancedProxy(ProxyFactory.java:33)
at io.appium.java_client.pagefactory.AppiumFieldDecorator.proxyForAnElement(AppiumFieldDecorator.java:208)
at io.appium.java_client.pagefactory.AppiumFieldDecorator.access$000(AppiumFieldDecorator.java:60)
at io.appium.java_client.pagefactory.AppiumFieldDecorator$1.proxyForLocator(AppiumFieldDecorator.java:99)
at org.openqa.selenium.support.pagefactory.DefaultFieldDecorator.decorate(DefaultFieldDecorator.java:61)
at io.appium.java_client.pagefactory.AppiumFieldDecorator.decorate(AppiumFieldDecorator.java:146)
at org.openqa.selenium.support.PageFactory.proxyFields(PageFactory.java:109)
at org.openqa.selenium.support.PageFactory.initElements(PageFactory.java:101)
at com.qa.BaseTest.<init>(BaseTest.java:35)
at com.qa.pages.LoginPage.<init>(LoginPage.java:16)
at com.qa.tests.LoginTests.beforeMethod(LoginTests.java:37)
at java.base/java.util.ArrayList.forEach(ArrayList.java:1511)
at net.sf.cglib.core.ReflectUtils.defineClass(ReflectUtils.java:464)
at net.sf.cglib.core.AbstractClassGenerator.generate(AbstractClassGenerator.java:339)
at net.sf.cglib.core.AbstractClassGenerator$ClassLoaderData$3.apply(AbstractClassGenerator.java:96)
at net.sf.cglib.core.AbstractClassGenerator$ClassLoaderData$3.apply(AbstractClassGenerator.java:94)
at net.sf.cglib.core.internal.LoadingCache$2.call(LoadingCache.java:54)
at java.base/java.util.concurrent.FutureTask.run(FutureTask.java:264)
at net.sf.cglib.core.internal.LoadingCache.createEntry(LoadingCache.java:61)
at net.sf.cglib.core.internal.LoadingCache.get(LoadingCache.java:34)
at net.sf.cglib.core.AbstractClassGenerator$ClassLoaderData.get(AbstractClassGenerator.java:119)
at net.sf.cglib.core.AbstractClassGenerator.create(AbstractClassGenerator.java:294)
at net.sf.cglib.core.KeyFactory$Generator.create(KeyFactory.java:221)
at net.sf.cglib.core.KeyFactory.create(KeyFactory.java:174)
at net.sf.cglib.core.KeyFactory.create(KeyFactory.java:153)
at net.sf.cglib.proxy.Enhancer.<clinit>(Enhancer.java:73)
... 44 more
at net.sf.cglib.core.ReflectUtils$1.run(ReflectUtils.java:61)
at java.base/java.security.AccessController.doPrivileged(AccessController.java:569)
at net.sf.cglib.core.ReflectUtils.<clinit>(ReflectUtils.java:52)
at net.sf.cglib.core.KeyFactory$Generator.generateClass(KeyFactory.java:243)
at net.sf.cglib.core.DefaultGeneratorStrategy.generate(DefaultGeneratorStrategy.java:25)
at net.sf.cglib.core.AbstractClassGenerator.generate(AbstractClassGenerator.java:332)
... 56 more
... Removed 37 stack frames]]>
    </failure>
  </testcase> <!-- @BeforeMethod beforeMethod -->
  <testcase classname="com.qa.tests.LoginTests" name="@AfterMethod afterMethod" time="-1.720528238039E9">
    <skipped/>
  </testcase> <!-- @AfterMethod afterMethod -->
  <testcase classname="com.qa.tests.LoginTests" name="@BeforeMethod beforeMethod" time="-1.720528238043E9">
    <skipped/>
  </testcase> <!-- @BeforeMethod beforeMethod -->
  <testcase classname="com.qa.tests.LoginTests" name="@AfterMethod afterMethod" time="-1.720528238047E9">
    <skipped/>
  </testcase> <!-- @AfterMethod afterMethod -->
  <testcase classname="com.qa.tests.LoginTests" name="@BeforeMethod beforeMethod" time="-1.720528238048E9">
    <skipped/>
  </testcase> <!-- @BeforeMethod beforeMethod -->
  <testcase classname="com.qa.tests.LoginTests" name="@AfterMethod afterMethod" time="-1.720528238053E9">
    <skipped/>
  </testcase> <!-- @AfterMethod afterMethod -->
  <testcase classname="com.qa.tests.LoginTests" name="@AfterClass tearDown" time="-1.720528238056E9">
    <skipped/>
  </testcase> <!-- @AfterClass tearDown -->
  <testcase classname="com.qa.BaseTest" name="@AfterTest afterTest" time="-1.720528238061E9">
    <skipped/>
  </testcase> <!-- @AfterTest afterTest -->
  <testcase classname="com.qa.tests.LoginTests" name="invalidPassword" time="0.0">
    <skipped/>
  </testcase> <!-- invalidPassword -->
  <testcase classname="com.qa.tests.LoginTests" name="invalidUserName" time="0.0">
    <skipped/>
  </testcase> <!-- invalidUserName -->
  <testcase classname="com.qa.tests.LoginTests" name="successfulLogin" time="0.0">
    <skipped/>
  </testcase> <!-- successfulLogin -->
</testsuite> <!-- OtpLoginTests -->
