<?xml version="1.0" encoding="UTF-8"?>
<!-- Generated by org.testng.reporters.JUnitXMLReporter -->
<testsuite ignored="7" hostname="Jagadeesh" failures="0" tests="15" name="Test" time="1.548" errors="0" timestamp="2026-02-17T22:21:16 IST">
  <testcase classname="com.qa.BaseTest" name="@BeforeSuite beforeSuite" time="1.331">
    <failure type="org.openqa.selenium.SessionNotCreatedException" message="Could not start a new session. Possible causes are invalid address of the remote server or browser start-up failure. 
Host info: host: &amp;apos;JAGADEESH&amp;apos;, ip: &amp;apos;192.168.1.6&amp;apos;">
      <![CDATA[org.openqa.selenium.SessionNotCreatedException: Could not start a new session. Possible causes are invalid address of the remote server or browser start-up failure. 
Host info: host: 'JAGADEESH', ip: '192.168.1.6'
at org.openqa.selenium.remote.RemoteWebDriver.execute(RemoteWebDriver.java:620)
at io.appium.java_client.AppiumDriver.startSession(AppiumDriver.java:274)
at org.openqa.selenium.remote.RemoteWebDriver.<init>(RemoteWebDriver.java:163)
at io.appium.java_client.AppiumDriver.<init>(AppiumDriver.java:89)
at io.appium.java_client.AppiumDriver.<init>(AppiumDriver.java:101)
at io.appium.java_client.android.AndroidDriver.<init>(AndroidDriver.java:113)
at com.qa.BaseTest.beforeSuite(BaseTest.java:65)
Caused by: org.openqa.selenium.WebDriverException: Connection refused: no further information
Build info: version: '4.13.0', revision: 'ba948ece5b*'
System info: os.name: 'Windows 11', os.arch: 'amd64', os.version: '10.0', java.version: '17.0.6'
Driver info: driver.version: AndroidDriver
at io.appium.java_client.remote.AppiumCommandExecutor.lambda$execute$4(AppiumCommandExecutor.java:262)
at java.base/java.util.Optional.orElseGet(Optional.java:364)
at io.appium.java_client.remote.AppiumCommandExecutor.execute(AppiumCommandExecutor.java:261)
at org.openqa.selenium.remote.RemoteWebDriver.execute(RemoteWebDriver.java:602)
... 25 more
Caused by: java.net.ConnectException: Connection refused: no further information
at java.base/sun.nio.ch.Net.pollConnect(Native Method)
at java.base/sun.nio.ch.Net.pollConnectNow(Net.java:672)
at java.base/sun.nio.ch.SocketChannelImpl.finishConnect(SocketChannelImpl.java:946)
at io.netty.channel.socket.nio.NioSocketChannel.doFinishConnect(NioSocketChannel.java:337)
at io.netty.channel.nio.AbstractNioChannel$AbstractNioUnsafe.finishConnect(AbstractNioChannel.java:334)
at io.netty.channel.nio.NioEventLoop.processSelectedKey(NioEventLoop.java:776)
at io.netty.channel.nio.NioEventLoop.processSelectedKeysOptimized(NioEventLoop.java:724)
at io.netty.channel.nio.NioEventLoop.processSelectedKeys(NioEventLoop.java:650)
at io.netty.channel.nio.NioEventLoop.run(NioEventLoop.java:562)
at io.netty.util.concurrent.SingleThreadEventExecutor$4.run(SingleThreadEventExecutor.java:997)
at io.netty.util.internal.ThreadExecutorMap$2.run(ThreadExecutorMap.java:74)
at io.netty.util.concurrent.FastThreadLocalRunnable.run(FastThreadLocalRunnable.java:30)
at java.base/java.lang.Thread.run(Thread.java:833)
... Removed 19 stack frames]]>
    </failure>
  </testcase> <!-- @BeforeSuite beforeSuite -->
  <testcase classname="com.qa.tests.LoginTests" name="@BeforeMethod beforeEachTest" time="1.034">
    <failure type="java.lang.IllegalArgumentException" message="Input must be set">
      <![CDATA[java.lang.IllegalArgumentException: Input must be set
at org.openqa.selenium.internal.Require.nonNull(Require.java:60)
at org.openqa.selenium.support.ui.FluentWait.<init>(FluentWait.java:94)
at org.openqa.selenium.support.ui.WebDriverWait.<init>(WebDriverWait.java:74)
at org.openqa.selenium.support.ui.WebDriverWait.<init>(WebDriverWait.java:43)
at com.qa.pages.LoginPage.<init>(LoginPage.java:36)
at com.qa.tests.LoginTests.beforeEachTest(LoginTests.java:25)
at java.base/java.util.ArrayList.forEach(ArrayList.java:1511)
... Removed 31 stack frames]]>
    </failure>
  </testcase> <!-- @BeforeMethod beforeEachTest -->
  <testcase classname="com.qa.tests.LoginTests" name="@BeforeMethod beforeEachTest" time="0.374">
    <failure type="java.lang.IllegalArgumentException" message="Input must be set">
      <![CDATA[java.lang.IllegalArgumentException: Input must be set
at org.openqa.selenium.internal.Require.nonNull(Require.java:60)
at org.openqa.selenium.support.ui.FluentWait.<init>(FluentWait.java:94)
at org.openqa.selenium.support.ui.WebDriverWait.<init>(WebDriverWait.java:74)
at org.openqa.selenium.support.ui.WebDriverWait.<init>(WebDriverWait.java:43)
at com.qa.pages.LoginPage.<init>(LoginPage.java:36)
at com.qa.tests.LoginTests.beforeEachTest(LoginTests.java:25)
at java.base/java.util.ArrayList.forEach(ArrayList.java:1511)
... Removed 31 stack frames]]>
    </failure>
  </testcase> <!-- @BeforeMethod beforeEachTest -->
  <testcase classname="com.qa.tests.HomeTests" name="@BeforeMethod setUpPage" time="-1.771347076793E9">
    <skipped/>
  </testcase> <!-- @BeforeMethod setUpPage -->
  <testcase classname="com.qa.tests.HomeTests" name="@AfterMethod relaunchApp" time="-1.771347076798E9">
    <skipped/>
  </testcase> <!-- @AfterMethod relaunchApp -->
  <testcase classname="com.qa.tests.HomeTests" name="@BeforeMethod setUpPage" time="-1.7713470768E9">
    <skipped/>
  </testcase> <!-- @BeforeMethod setUpPage -->
  <testcase classname="com.qa.tests.HomeTests" name="@AfterMethod relaunchApp" time="-1.771347076804E9">
    <skipped/>
  </testcase> <!-- @AfterMethod relaunchApp -->
  <testcase classname="com.qa.tests.HomeTests" name="@BeforeMethod setUpPage" time="-1.771347076805E9">
    <skipped/>
  </testcase> <!-- @BeforeMethod setUpPage -->
  <testcase classname="com.qa.tests.HomeTests" name="@AfterMethod relaunchApp" time="-1.77134707681E9">
    <skipped/>
  </testcase> <!-- @AfterMethod relaunchApp -->
  <testcase classname="com.qa.tests.HomeTests" name="@BeforeMethod setUpPage" time="-1.771347076811E9">
    <skipped/>
  </testcase> <!-- @BeforeMethod setUpPage -->
  <testcase classname="com.qa.tests.HomeTests" name="@AfterMethod relaunchApp" time="-1.771347076815E9">
    <skipped/>
  </testcase> <!-- @AfterMethod relaunchApp -->
  <testcase classname="com.qa.tests.HomeTests" name="@BeforeMethod setUpPage" time="-1.771347076816E9">
    <skipped/>
  </testcase> <!-- @BeforeMethod setUpPage -->
  <testcase classname="com.qa.tests.HomeTests" name="@AfterMethod relaunchApp" time="-1.77134707682E9">
    <skipped/>
  </testcase> <!-- @AfterMethod relaunchApp -->
  <testcase classname="com.qa.tests.HomeTests" name="@BeforeMethod setUpPage" time="-1.771347076821E9">
    <skipped/>
  </testcase> <!-- @BeforeMethod setUpPage -->
  <testcase classname="com.qa.tests.HomeTests" name="@AfterMethod relaunchApp" time="-1.771347076827E9">
    <skipped/>
  </testcase> <!-- @AfterMethod relaunchApp -->
  <testcase classname="com.qa.tests.HomeTests" name="@BeforeMethod setUpPage" time="-1.771347076829E9">
    <skipped/>
  </testcase> <!-- @BeforeMethod setUpPage -->
  <testcase classname="com.qa.tests.HomeTests" name="@AfterMethod relaunchApp" time="-1.771347076834E9">
    <skipped/>
  </testcase> <!-- @AfterMethod relaunchApp -->
  <testcase classname="com.qa.tests.HomeTests" name="@BeforeMethod setUpPage" time="-1.771347076837E9">
    <skipped/>
  </testcase> <!-- @BeforeMethod setUpPage -->
  <testcase classname="com.qa.tests.HomeTests" name="@AfterMethod relaunchApp" time="-1.771347076841E9">
    <skipped/>
  </testcase> <!-- @AfterMethod relaunchApp -->
  <testcase classname="com.qa.tests.InventoryTests" name="@BeforeMethod setUpPage" time="-1.771347076843E9">
    <skipped/>
  </testcase> <!-- @BeforeMethod setUpPage -->
  <testcase classname="com.qa.tests.InventoryTests" name="@AfterMethod relaunchApp" time="-1.771347076849E9">
    <skipped/>
  </testcase> <!-- @AfterMethod relaunchApp -->
  <testcase classname="com.qa.tests.InventoryTests" name="@BeforeMethod setUpPage" time="-1.77134707685E9">
    <skipped/>
  </testcase> <!-- @BeforeMethod setUpPage -->
  <testcase classname="com.qa.tests.InventoryTests" name="@AfterMethod relaunchApp" time="-1.771347076854E9">
    <skipped/>
  </testcase> <!-- @AfterMethod relaunchApp -->
  <testcase classname="com.qa.tests.InventoryTests" name="@BeforeMethod setUpPage" time="-1.771347076856E9">
    <skipped/>
  </testcase> <!-- @BeforeMethod setUpPage -->
  <testcase classname="com.qa.tests.InventoryTests" name="@AfterMethod relaunchApp" time="-1.771347076861E9">
    <skipped/>
  </testcase> <!-- @AfterMethod relaunchApp -->
  <testcase classname="com.qa.tests.InventoryTests" name="@BeforeMethod setUpPage" time="-1.771347076862E9">
    <skipped/>
  </testcase> <!-- @BeforeMethod setUpPage -->
  <testcase classname="com.qa.tests.InventoryTests" name="@AfterMethod relaunchApp" time="-1.771347076866E9">
    <skipped/>
  </testcase> <!-- @AfterMethod relaunchApp -->
  <testcase classname="com.qa.tests.PaymentTests" name="@BeforeMethod setUpPage" time="-1.771347076867E9">
    <skipped/>
  </testcase> <!-- @BeforeMethod setUpPage -->
  <testcase classname="com.qa.tests.PaymentTests" name="@AfterMethod relaunchApp" time="-1.771347076871E9">
    <skipped/>
  </testcase> <!-- @AfterMethod relaunchApp -->
  <testcase classname="com.qa.tests.LoginTests" name="TC01_TestinvalidOtpLogin" time="0.0">
    <skipped/>
  </testcase> <!-- TC01_TestinvalidOtpLogin -->
  <testcase classname="com.qa.tests.LoginTests" name="TC02_TestSuccessfulOtpLogin" time="0.0">
    <skipped/>
  </testcase> <!-- TC02_TestSuccessfulOtpLogin -->
  <testcase classname="com.qa.tests.HomeTests" name="TC03_SearchVMGlobally" time="0.0">
    <skipped/>
  </testcase> <!-- TC03_SearchVMGlobally -->
  <testcase classname="com.qa.tests.HomeTests" name="TC04_SearchItemGlobally" time="0.0">
    <skipped/>
  </testcase> <!-- TC04_SearchItemGlobally -->
  <testcase classname="com.qa.tests.HomeTests" name="TC05_VerifyCategoriesListPage" time="0.0">
    <skipped/>
  </testcase> <!-- TC05_VerifyCategoriesListPage -->
  <testcase classname="com.qa.tests.HomeTests" name="TC06_VerifyVMListPage" time="0.0">
    <skipped/>
  </testcase> <!-- TC06_VerifyVMListPage -->
  <testcase classname="com.qa.tests.HomeTests" name="TC09_VerifyOrdersPage" time="0.0">
    <skipped/>
  </testcase> <!-- TC09_VerifyOrdersPage -->
  <testcase classname="com.qa.tests.HomeTests" name="TC10_VerifyProfilePage" time="0.0">
    <skipped/>
  </testcase> <!-- TC10_VerifyProfilePage -->
  <testcase classname="com.qa.tests.HomeTests" name="TC11_VerifyCartIcon" time="0.0">
    <skipped/>
  </testcase> <!-- TC11_VerifyCartIcon -->
  <testcase classname="com.qa.tests.HomeTests" name="TC12_VerifyGrandTotal" time="0.0">
    <skipped/>
  </testcase> <!-- TC12_VerifyGrandTotal -->
  <testcase classname="com.qa.tests.InventoryTests" name="TC013_verifyApplyCoupon" time="0.0">
    <skipped/>
  </testcase> <!-- TC013_verifyApplyCoupon -->
  <testcase classname="com.qa.tests.InventoryTests" name="TC014_verifyRemoveCoupon" time="0.0">
    <skipped/>
  </testcase> <!-- TC014_verifyRemoveCoupon -->
  <testcase classname="com.qa.tests.InventoryTests" name="TC08_verifyAddToCartFirstAvlItem" time="0.0">
    <skipped/>
  </testcase> <!-- TC08_verifyAddToCartFirstAvlItem -->
  <testcase classname="com.qa.tests.InventoryTests" name="TC09_verifyEmptyCartFirstAvlItem" time="0.0">
    <skipped/>
  </testcase> <!-- TC09_verifyEmptyCartFirstAvlItem -->
  <testcase classname="com.qa.tests.PaymentTests" name="TC16_verifyPaymentViaDaalchiniWallet" time="0.0">
    <skipped/>
  </testcase> <!-- TC16_verifyPaymentViaDaalchiniWallet -->
  <testcase classname="com.qa.BaseTest" name="@BeforeSuite beforeSuite" time="0.0">
    <ignored/>
  </testcase> <!-- @BeforeSuite beforeSuite -->
  <testcase classname="com.qa.BaseTest" name="@BeforeSuite beforeSuite" time="0.0">
    <ignored/>
  </testcase> <!-- @BeforeSuite beforeSuite -->
  <testcase classname="com.qa.BaseTest" name="@BeforeSuite beforeSuite" time="0.0">
    <ignored/>
  </testcase> <!-- @BeforeSuite beforeSuite -->
  <testcase classname="com.qa.tests.InventoryTests" name="TC07_SearchProductInVM" time="0.0">
    <ignored/>
  </testcase> <!-- TC07_SearchProductInVM -->
  <testcase classname="com.qa.BaseTest" name="@AfterSuite afterSuite" time="0.0">
    <ignored/>
  </testcase> <!-- @AfterSuite afterSuite -->
  <testcase classname="com.qa.BaseTest" name="@AfterSuite afterSuite" time="0.0">
    <ignored/>
  </testcase> <!-- @AfterSuite afterSuite -->
  <testcase classname="com.qa.BaseTest" name="@AfterSuite afterSuite" time="0.0">
    <ignored/>
  </testcase> <!-- @AfterSuite afterSuite -->
</testsuite> <!-- Test -->
