<?xml version="1.0" encoding="UTF-8"?>
<!-- Generated by org.testng.reporters.JUnitReportReporter -->
<testsuite hostname="Jagadeesh" failures="0" tests="8" name="com.qa.tests.HomeTests" time="0.000" errors="0" timestamp="2026-02-17T22:21:17 IST" skipped="8">
  <testcase classname="com.qa.tests.HomeTests" name="TC05_VerifyCategoriesListPage" time="0.000">
    <skipped/>
  </testcase> <!-- TC05_VerifyCategoriesListPage -->
  <system-out/>
  <testcase classname="com.qa.tests.HomeTests" name="TC12_VerifyGrandTotal" time="0.000">
    <skipped/>
  </testcase> <!-- TC12_VerifyGrandTotal -->
  <system-out/>
  <testcase classname="com.qa.tests.HomeTests" name="TC09_VerifyOrdersPage" time="0.000">
    <skipped/>
  </testcase> <!-- TC09_VerifyOrdersPage -->
  <system-out/>
  <testcase classname="com.qa.tests.HomeTests" name="TC03_SearchVMGlobally" time="0.000">
    <skipped/>
  </testcase> <!-- TC03_SearchVMGlobally -->
  <system-out/>
  <testcase classname="com.qa.tests.HomeTests" name="TC06_VerifyVMListPage" time="0.000">
    <skipped/>
  </testcase> <!-- TC06_VerifyVMListPage -->
  <system-out/>
  <testcase classname="com.qa.tests.HomeTests" name="TC11_VerifyCartIcon" time="0.000">
    <skipped/>
  </testcase> <!-- TC11_VerifyCartIcon -->
  <system-out/>
  <testcase classname="com.qa.tests.HomeTests" name="TC10_VerifyProfilePage" time="0.000">
    <skipped/>
  </testcase> <!-- TC10_VerifyProfilePage -->
  <system-out/>
  <testcase classname="com.qa.tests.HomeTests" name="TC04_SearchItemGlobally" time="0.000">
    <skipped/>
  </testcase> <!-- TC04_SearchItemGlobally -->
  <system-out/>
</testsuite> <!-- com.qa.tests.HomeTests -->
