<?xml version="1.0" encoding="UTF-8"?>
<!-- Generated by org.testng.reporters.JUnitReportReporter -->
<testsuite hostname="Jagadeesh" failures="0" tests="5" name="com.qa.tests.InventoryTests" time="0.000" errors="0" timestamp="2026-02-17T22:21:17 IST" skipped="5">
  <testcase classname="com.qa.tests.InventoryTests" name="TC014_verifyRemoveCoupon" time="0.000">
    <skipped/>
  </testcase> <!-- TC014_verifyRemoveCoupon -->
  <system-out/>
  <testcase classname="com.qa.tests.InventoryTests" name="TC08_verifyAddToCartFirstAvlItem" time="0.000">
    <skipped/>
  </testcase> <!-- TC08_verifyAddToCartFirstAvlItem -->
  <system-out/>
  <testcase classname="com.qa.tests.InventoryTests" name="TC013_verifyApplyCoupon" time="0.000">
    <skipped/>
  </testcase> <!-- TC013_verifyApplyCoupon -->
  <system-out/>
  <testcase classname="com.qa.tests.InventoryTests" name="TC09_verifyEmptyCartFirstAvlItem" time="0.000">
    <skipped/>
  </testcase> <!-- TC09_verifyEmptyCartFirstAvlItem -->
  <system-out/>
  <testcase classname="com.qa.tests.InventoryTests" name="TC07_SearchProductInVM">
    <skipped/>
  </testcase> <!-- TC07_SearchProductInVM -->
  <system-out/>
</testsuite> <!-- com.qa.tests.InventoryTests -->
