<?xml version="1.0" encoding="UTF-8"?>
<!-- Generated by org.testng.reporters.JUnitReportReporter -->
<testsuite hostname="Jagadeesh" failures="0" tests="1" name="com.qa.tests.PaymentTests" time="0.000" errors="0" timestamp="2026-02-17T22:21:17 IST" skipped="1">
  <testcase classname="com.qa.tests.PaymentTests" name="TC16_verifyPaymentViaDaalchiniWallet" time="0.000">
    <skipped/>
  </testcase> <!-- TC16_verifyPaymentViaDaalchiniWallet -->
  <system-out/>
</testsuite> <!-- com.qa.tests.PaymentTests -->
